<?xml version="1.0" encoding="UTF-8"?>
<testsuite name="com.bridgelabz.ParkingLot.ParkingLotTest" tests="1" skipped="0" failures="0" errors="0" timestamp="2020-07-21T02:41:05" hostname="HOME" time="0.083">
  <properties/>
  <testcase name="givenParkingLotWithSize_WhenSpaceAvailableInformOwner_ShouldInformOwnerAndReturnTrue" classname="com.bridgelabz.ParkingLot.ParkingLotTest" time="0.083"/>
  <system-out><![CDATA[{0=GA-08-A-2323}    GA-08-A-2323 1
{0=GA-08-A-2323, 1=GJ-08-A-4567}    GJ-08-A-4567 2
Key here1
{0=GA-08-A-2323, 1=null}    
{0=GA-08-A-2323, 1=MH-08-A-4567}    MH-08-A-4567 2
{0=GA-08-A-2323, 1=MH-08-A-4567, 2=TN-08-A-4567}    TN-08-A-4567 3
{0=GA-08-A-2323, 1=MH-08-A-4567, 2=TN-08-A-4567, 3=KL-08-A-4567}    KL-08-A-4567 4
]]></system-out>
  <system-err><![CDATA[]]></system-err>
</testsuite>
