<?xml version="1.0" encoding="UTF-8"?>
<testsuite name="com.bridgelabz.ParkingLot.ParkingLotTest" tests="11" skipped="0" failures="0" errors="0" timestamp="2020-07-21T04:29:05" hostname="HOME" time="0.079">
  <properties/>
  <testcase name="givenVehicleNull_WhenParked_ShouldReturnTrue" classname="com.bridgelabz.ParkingLot.ParkingLotTest" time="0.019"/>
  <testcase name="givenVehicle_WhenParked_ShouldReturnTrue" classname="com.bridgelabz.ParkingLot.ParkingLotTest" time="0.002"/>
  <testcase name="givenVehicleSpotAndNumberToParkingAttendant_WhenParkedInSlot_ShouldReturnTrue" classname="com.bridgelabz.ParkingLot.ParkingLotTest" time="0.001"/>
  <testcase name="givenParkingLotWithSize_WhenFullInformOwner_ShouldInformOwnerAndReturnTrue" classname="com.bridgelabz.ParkingLot.ParkingLotTest" time="0.002"/>
  <testcase name="givenVehicle_WhenUnparked_ShouldReturnTrue" classname="com.bridgelabz.ParkingLot.ParkingLotTest" time="0.001"/>
  <testcase name="givenParkedVehicle_WhenFound_ShouldReturnSpotInParkingLot" classname="com.bridgelabz.ParkingLot.ParkingLotTest" time="0.025"/>
  <testcase name="givenVehicleToUnpark_WhenNotPresent_ShouldThrowCustomException" classname="com.bridgelabz.ParkingLot.ParkingLotTest" time="0.001"/>
  <testcase name="givenVehicle_WhenAlreadyParked_ShouldThrowCustomException" classname="com.bridgelabz.ParkingLot.ParkingLotTest" time="0.0"/>
  <testcase name="givenParkingLotWithSize_WhenSpaceAvailableInformOwner_ShouldInformOwnerAndReturnTrue" classname="com.bridgelabz.ParkingLot.ParkingLotTest" time="0.001"/>
  <testcase name="givenParkingLotWithSize_WhenFullInformAirportSecurity_ShouldInformOwnerAndReturnTrue" classname="com.bridgelabz.ParkingLot.ParkingLotTest" time="0.001"/>
  <testcase name="givenParkingLotWithSize_WhenFull_ShouldInformOwnerAndReturnTrue" classname="com.bridgelabz.ParkingLot.ParkingLotTest" time="0.0"/>
  <system-out><![CDATA[]]></system-out>
  <system-err><![CDATA[]]></system-err>
</testsuite>
